[2024-12-17 09:57:08 INFO restartedMain] [com.green.greengram.GreenGramApplication] Starting GreenGramApplication using Java 17.0.12 with PID 10300 (D:\khj\GreenGramSecurity\build\classes\java\main started by Administrator in D:\khj\GreenGramSecurity)
[2024-12-17 09:57:08 INFO restartedMain] [com.green.greengram.GreenGramApplication] No active profile set, falling back to 1 default profile: "default"
[2024-12-17 09:57:08 INFO restartedMain] [org.springframework.boot.devtools.env.DevToolsPropertyDefaultsPostProcessor] Devtools property defaults active! Set 'spring.devtools.add-properties' to 'false' to disable
[2024-12-17 09:57:08 INFO restartedMain] [org.springframework.boot.devtools.env.DevToolsPropertyDefaultsPostProcessor] For additional web related logging consider setting the 'logging.level.web' property to 'DEBUG'
[2024-12-17 09:57:09 INFO restartedMain] [org.springframework.boot.web.embedded.tomcat.TomcatWebServer] Tomcat initialized with port 8080 (http)
[2024-12-17 09:57:09 INFO restartedMain] [org.apache.coyote.http11.Http11NioProtocol] Initializing ProtocolHandler ["http-nio-8080"]
[2024-12-17 09:57:09 INFO restartedMain] [org.apache.catalina.core.StandardService] Starting service [Tomcat]
[2024-12-17 09:57:09 INFO restartedMain] [org.apache.catalina.core.StandardEngine] Starting Servlet engine: [Apache Tomcat/10.1.33]
[2024-12-17 09:57:09 INFO restartedMain] [org.apache.catalina.core.ContainerBase.[Tomcat].[localhost].[/]] Initializing Spring embedded WebApplicationContext
[2024-12-17 09:57:09 INFO restartedMain] [org.springframework.boot.web.servlet.context.ServletWebServerApplicationContext] Root WebApplicationContext: initialization completed in 1008 ms
[2024-12-17 09:57:09 INFO restartedMain] [com.green.greengram.common.MyFileUtils] MyFileUtils - 생성자: D:\khj\2024-02\download\greengram_ver3
[2024-12-17 09:57:09 WARN restartedMain] [org.springframework.boot.web.servlet.context.AnnotationConfigServletWebServerApplicationContext] Exception encountered during context initialization - cancelling refresh attempt: org.springframework.beans.factory.BeanCreationException: Error creating bean with name 'tokenProvider' defined in file [D:\khj\GreenGramSecurity\build\classes\java\main\com\green\greengram\config\jwt\TokenProvider.class]: Failed to instantiate [com.green.greengram.config.jwt.TokenProvider]: Constructor threw exception
[2024-12-17 09:57:09 INFO restartedMain] [org.apache.catalina.core.StandardService] Stopping service [Tomcat]
[2024-12-17 09:57:09 INFO restartedMain] [org.springframework.boot.autoconfigure.logging.ConditionEvaluationReportLogger] 

Error starting ApplicationContext. To display the condition evaluation report re-run your application with 'debug' enabled.
[2024-12-17 09:57:09 ERRORrestartedMain] [org.springframework.boot.SpringApplication] Application run failed
org.springframework.beans.factory.BeanCreationException: Error creating bean with name 'tokenProvider' defined in file [D:\khj\GreenGramSecurity\build\classes\java\main\com\green\greengram\config\jwt\TokenProvider.class]: Failed to instantiate [com.green.greengram.config.jwt.TokenProvider]: Constructor threw exception
	at org.springframework.beans.factory.support.ConstructorResolver.instantiate(ConstructorResolver.java:318)
	at org.springframework.beans.factory.support.ConstructorResolver.autowireConstructor(ConstructorResolver.java:306)
	at org.springframework.beans.factory.support.AbstractAutowireCapableBeanFactory.autowireConstructor(AbstractAutowireCapableBeanFactory.java:1375)
	at org.springframework.beans.factory.support.AbstractAutowireCapableBeanFactory.createBeanInstance(AbstractAutowireCapableBeanFactory.java:1212)
	at org.springframework.beans.factory.support.AbstractAutowireCapableBeanFactory.doCreateBean(AbstractAutowireCapableBeanFactory.java:562)
	at org.springframework.beans.factory.support.AbstractAutowireCapableBeanFactory.createBean(AbstractAutowireCapableBeanFactory.java:522)
	at org.springframework.beans.factory.support.AbstractBeanFactory.lambda$doGetBean$0(AbstractBeanFactory.java:337)
	at org.springframework.beans.factory.support.DefaultSingletonBeanRegistry.getSingleton(DefaultSingletonBeanRegistry.java:234)
	at org.springframework.beans.factory.support.AbstractBeanFactory.doGetBean(AbstractBeanFactory.java:335)
	at org.springframework.beans.factory.support.AbstractBeanFactory.getBean(AbstractBeanFactory.java:200)
	at org.springframework.beans.factory.support.DefaultListableBeanFactory.preInstantiateSingletons(DefaultListableBeanFactory.java:975)
	at org.springframework.context.support.AbstractApplicationContext.finishBeanFactoryInitialization(AbstractApplicationContext.java:971)
	at org.springframework.context.support.AbstractApplicationContext.refresh(AbstractApplicationContext.java:625)
	at org.springframework.boot.web.servlet.context.ServletWebServerApplicationContext.refresh(ServletWebServerApplicationContext.java:146)
	at org.springframework.boot.SpringApplication.refresh(SpringApplication.java:754)
	at org.springframework.boot.SpringApplication.refreshContext(SpringApplication.java:456)
	at org.springframework.boot.SpringApplication.run(SpringApplication.java:335)
	at org.springframework.boot.SpringApplication.run(SpringApplication.java:1363)
	at org.springframework.boot.SpringApplication.run(SpringApplication.java:1352)
	at com.green.greengram.GreenGramApplication.main(GreenGramApplication.java:12)
	at java.base/jdk.internal.reflect.NativeMethodAccessorImpl.invoke0(Native Method)
	at java.base/jdk.internal.reflect.NativeMethodAccessorImpl.invoke(NativeMethodAccessorImpl.java:77)
	at java.base/jdk.internal.reflect.DelegatingMethodAccessorImpl.invoke(DelegatingMethodAccessorImpl.java:43)
	at java.base/java.lang.reflect.Method.invoke(Method.java:569)
	at org.springframework.boot.devtools.restart.RestartLauncher.run(RestartLauncher.java:50)
Caused by: org.springframework.beans.BeanInstantiationException: Failed to instantiate [com.green.greengram.config.jwt.TokenProvider]: Constructor threw exception
	at org.springframework.beans.BeanUtils.instantiateClass(BeanUtils.java:221)
	at org.springframework.beans.factory.support.SimpleInstantiationStrategy.instantiate(SimpleInstantiationStrategy.java:117)
	at org.springframework.beans.factory.support.ConstructorResolver.instantiate(ConstructorResolver.java:315)
	... 24 common frames omitted
Caused by: java.lang.ExceptionInInitializerError: null
	at com.green.greengram.config.jwt.TokenProvider.<init>(TokenProvider.java:34)
	at java.base/jdk.internal.reflect.NativeConstructorAccessorImpl.newInstance0(Native Method)
	at java.base/jdk.internal.reflect.NativeConstructorAccessorImpl.newInstance(NativeConstructorAccessorImpl.java:77)
	at java.base/jdk.internal.reflect.DelegatingConstructorAccessorImpl.newInstance(DelegatingConstructorAccessorImpl.java:45)
	at java.base/java.lang.reflect.Constructor.newInstanceWithCaller(Constructor.java:500)
	at java.base/java.lang.reflect.Constructor.newInstance(Constructor.java:481)
	at org.springframework.beans.BeanUtils.instantiateClass(BeanUtils.java:208)
	... 26 common frames omitted
Caused by: io.jsonwebtoken.lang.UnknownClassException: Unable to load class named [io.jsonwebtoken.impl.security.KeysBridge] from the thread context, current, or system/application ClassLoaders.  All heuristics have been exhausted.  Class could not be found.  Have you remembered to include the jjwt-impl.jar in your runtime classpath?
	at io.jsonwebtoken.lang.Classes.forName(Classes.java:90)
	at io.jsonwebtoken.security.Keys.<clinit>(Keys.java:37)
	... 33 common frames omitted
[2024-12-17 09:57:41 INFO restartedMain] [com.green.greengram.GreenGramApplication] Starting GreenGramApplication using Java 17.0.12 with PID 11012 (D:\khj\GreenGramSecurity\build\classes\java\main started by Administrator in D:\khj\GreenGramSecurity)
[2024-12-17 09:57:41 INFO restartedMain] [com.green.greengram.GreenGramApplication] No active profile set, falling back to 1 default profile: "default"
[2024-12-17 09:57:41 INFO restartedMain] [org.springframework.boot.devtools.env.DevToolsPropertyDefaultsPostProcessor] Devtools property defaults active! Set 'spring.devtools.add-properties' to 'false' to disable
[2024-12-17 09:57:41 INFO restartedMain] [org.springframework.boot.devtools.env.DevToolsPropertyDefaultsPostProcessor] For additional web related logging consider setting the 'logging.level.web' property to 'DEBUG'
[2024-12-17 09:57:42 INFO restartedMain] [org.springframework.boot.web.embedded.tomcat.TomcatWebServer] Tomcat initialized with port 8080 (http)
[2024-12-17 09:57:42 INFO restartedMain] [org.apache.coyote.http11.Http11NioProtocol] Initializing ProtocolHandler ["http-nio-8080"]
[2024-12-17 09:57:42 INFO restartedMain] [org.apache.catalina.core.StandardService] Starting service [Tomcat]
[2024-12-17 09:57:42 INFO restartedMain] [org.apache.catalina.core.StandardEngine] Starting Servlet engine: [Apache Tomcat/10.1.33]
[2024-12-17 09:57:42 INFO restartedMain] [org.apache.catalina.core.ContainerBase.[Tomcat].[localhost].[/]] Initializing Spring embedded WebApplicationContext
[2024-12-17 09:57:42 INFO restartedMain] [org.springframework.boot.web.servlet.context.ServletWebServerApplicationContext] Root WebApplicationContext: initialization completed in 818 ms
[2024-12-17 09:57:42 INFO restartedMain] [com.green.greengram.common.MyFileUtils] MyFileUtils - 생성자: D:\khj\2024-02\download\greengram_ver3
[2024-12-17 09:57:42 INFO restartedMain] [org.springframework.boot.autoconfigure.web.servlet.WelcomePageHandlerMapping] Adding welcome page: class path resource [static/index.html]
[2024-12-17 09:57:42 WARN restartedMain] [org.springframework.boot.autoconfigure.security.servlet.UserDetailsServiceAutoConfiguration] 

Using generated security password: e0b50b82-4697-4889-a0c9-40e9b302a8f5

This generated password is for development use only. Your security configuration must be updated before running your application in production.

[2024-12-17 09:57:42 INFO restartedMain] [org.springframework.security.config.annotation.authentication.configuration.InitializeUserDetailsBeanManagerConfigurer$InitializeUserDetailsManagerConfigurer] Global AuthenticationManager configured with UserDetailsService bean with name inMemoryUserDetailsManager
[2024-12-17 09:57:42 INFO restartedMain] [org.springframework.boot.devtools.autoconfigure.OptionalLiveReloadServer] LiveReload server is running on port 35729
[2024-12-17 09:57:42 INFO restartedMain] [org.apache.coyote.http11.Http11NioProtocol] Starting ProtocolHandler ["http-nio-8080"]
[2024-12-17 09:57:42 INFO restartedMain] [org.springframework.boot.web.embedded.tomcat.TomcatWebServer] Tomcat started on port 8080 (http) with context path '/'
[2024-12-17 09:57:42 INFO restartedMain] [com.green.greengram.GreenGramApplication] Started GreenGramApplication in 1.952 seconds (process running for 2.322)
[2024-12-17 09:58:06 INFO restartedMain] [com.green.greengram.GreenGramApplication] Starting GreenGramApplication using Java 17.0.12 with PID 11164 (D:\khj\GreenGramSecurity\build\classes\java\main started by Administrator in D:\khj\GreenGramSecurity)
[2024-12-17 09:58:06 INFO restartedMain] [com.green.greengram.GreenGramApplication] No active profile set, falling back to 1 default profile: "default"
[2024-12-17 09:58:06 INFO restartedMain] [org.springframework.boot.devtools.env.DevToolsPropertyDefaultsPostProcessor] Devtools property defaults active! Set 'spring.devtools.add-properties' to 'false' to disable
[2024-12-17 09:58:06 INFO restartedMain] [org.springframework.boot.devtools.env.DevToolsPropertyDefaultsPostProcessor] For additional web related logging consider setting the 'logging.level.web' property to 'DEBUG'
[2024-12-17 09:58:06 INFO restartedMain] [org.springframework.boot.web.embedded.tomcat.TomcatWebServer] Tomcat initialized with port 8080 (http)
[2024-12-17 09:58:06 INFO restartedMain] [org.apache.coyote.http11.Http11NioProtocol] Initializing ProtocolHandler ["http-nio-8080"]
[2024-12-17 09:58:06 INFO restartedMain] [org.apache.catalina.core.StandardService] Starting service [Tomcat]
[2024-12-17 09:58:06 INFO restartedMain] [org.apache.catalina.core.StandardEngine] Starting Servlet engine: [Apache Tomcat/10.1.33]
[2024-12-17 09:58:06 INFO restartedMain] [org.apache.catalina.core.ContainerBase.[Tomcat].[localhost].[/]] Initializing Spring embedded WebApplicationContext
[2024-12-17 09:58:06 INFO restartedMain] [org.springframework.boot.web.servlet.context.ServletWebServerApplicationContext] Root WebApplicationContext: initialization completed in 828 ms
[2024-12-17 09:58:07 INFO restartedMain] [com.green.greengram.common.MyFileUtils] MyFileUtils - 생성자: D:\khj\2024-02\download\greengram_ver3
[2024-12-17 09:58:07 WARN restartedMain] [org.springframework.boot.web.servlet.context.AnnotationConfigServletWebServerApplicationContext] Exception encountered during context initialization - cancelling refresh attempt: org.springframework.beans.factory.BeanCreationException: Error creating bean with name 'tokenProvider' defined in file [D:\khj\GreenGramSecurity\build\classes\java\main\com\green\greengram\config\jwt\TokenProvider.class]: Failed to instantiate [com.green.greengram.config.jwt.TokenProvider]: Constructor threw exception
[2024-12-17 09:58:07 INFO restartedMain] [org.apache.catalina.core.StandardService] Stopping service [Tomcat]
[2024-12-17 09:58:07 INFO restartedMain] [org.springframework.boot.autoconfigure.logging.ConditionEvaluationReportLogger] 

Error starting ApplicationContext. To display the condition evaluation report re-run your application with 'debug' enabled.
[2024-12-17 09:58:07 ERRORrestartedMain] [org.springframework.boot.SpringApplication] Application run failed
org.springframework.beans.factory.BeanCreationException: Error creating bean with name 'tokenProvider' defined in file [D:\khj\GreenGramSecurity\build\classes\java\main\com\green\greengram\config\jwt\TokenProvider.class]: Failed to instantiate [com.green.greengram.config.jwt.TokenProvider]: Constructor threw exception
	at org.springframework.beans.factory.support.ConstructorResolver.instantiate(ConstructorResolver.java:318)
	at org.springframework.beans.factory.support.ConstructorResolver.autowireConstructor(ConstructorResolver.java:306)
	at org.springframework.beans.factory.support.AbstractAutowireCapableBeanFactory.autowireConstructor(AbstractAutowireCapableBeanFactory.java:1375)
	at org.springframework.beans.factory.support.AbstractAutowireCapableBeanFactory.createBeanInstance(AbstractAutowireCapableBeanFactory.java:1212)
	at org.springframework.beans.factory.support.AbstractAutowireCapableBeanFactory.doCreateBean(AbstractAutowireCapableBeanFactory.java:562)
	at org.springframework.beans.factory.support.AbstractAutowireCapableBeanFactory.createBean(AbstractAutowireCapableBeanFactory.java:522)
	at org.springframework.beans.factory.support.AbstractBeanFactory.lambda$doGetBean$0(AbstractBeanFactory.java:337)
	at org.springframework.beans.factory.support.DefaultSingletonBeanRegistry.getSingleton(DefaultSingletonBeanRegistry.java:234)
	at org.springframework.beans.factory.support.AbstractBeanFactory.doGetBean(AbstractBeanFactory.java:335)
	at org.springframework.beans.factory.support.AbstractBeanFactory.getBean(AbstractBeanFactory.java:200)
	at org.springframework.beans.factory.support.DefaultListableBeanFactory.preInstantiateSingletons(DefaultListableBeanFactory.java:975)
	at org.springframework.context.support.AbstractApplicationContext.finishBeanFactoryInitialization(AbstractApplicationContext.java:971)
	at org.springframework.context.support.AbstractApplicationContext.refresh(AbstractApplicationContext.java:625)
	at org.springframework.boot.web.servlet.context.ServletWebServerApplicationContext.refresh(ServletWebServerApplicationContext.java:146)
	at org.springframework.boot.SpringApplication.refresh(SpringApplication.java:754)
	at org.springframework.boot.SpringApplication.refreshContext(SpringApplication.java:456)
	at org.springframework.boot.SpringApplication.run(SpringApplication.java:335)
	at org.springframework.boot.SpringApplication.run(SpringApplication.java:1363)
	at org.springframework.boot.SpringApplication.run(SpringApplication.java:1352)
	at com.green.greengram.GreenGramApplication.main(GreenGramApplication.java:12)
	at java.base/jdk.internal.reflect.NativeMethodAccessorImpl.invoke0(Native Method)
	at java.base/jdk.internal.reflect.NativeMethodAccessorImpl.invoke(NativeMethodAccessorImpl.java:77)
	at java.base/jdk.internal.reflect.DelegatingMethodAccessorImpl.invoke(DelegatingMethodAccessorImpl.java:43)
	at java.base/java.lang.reflect.Method.invoke(Method.java:569)
	at org.springframework.boot.devtools.restart.RestartLauncher.run(RestartLauncher.java:50)
Caused by: org.springframework.beans.BeanInstantiationException: Failed to instantiate [com.green.greengram.config.jwt.TokenProvider]: Constructor threw exception
	at org.springframework.beans.BeanUtils.instantiateClass(BeanUtils.java:221)
	at org.springframework.beans.factory.support.SimpleInstantiationStrategy.instantiate(SimpleInstantiationStrategy.java:117)
	at org.springframework.beans.factory.support.ConstructorResolver.instantiate(ConstructorResolver.java:315)
	... 24 common frames omitted
Caused by: java.lang.ExceptionInInitializerError: null
	at com.green.greengram.config.jwt.TokenProvider.<init>(TokenProvider.java:34)
	at java.base/jdk.internal.reflect.NativeConstructorAccessorImpl.newInstance0(Native Method)
	at java.base/jdk.internal.reflect.NativeConstructorAccessorImpl.newInstance(NativeConstructorAccessorImpl.java:77)
	at java.base/jdk.internal.reflect.DelegatingConstructorAccessorImpl.newInstance(DelegatingConstructorAccessorImpl.java:45)
	at java.base/java.lang.reflect.Constructor.newInstanceWithCaller(Constructor.java:500)
	at java.base/java.lang.reflect.Constructor.newInstance(Constructor.java:481)
	at org.springframework.beans.BeanUtils.instantiateClass(BeanUtils.java:208)
	... 26 common frames omitted
Caused by: io.jsonwebtoken.lang.UnknownClassException: Unable to load class named [io.jsonwebtoken.impl.security.KeysBridge] from the thread context, current, or system/application ClassLoaders.  All heuristics have been exhausted.  Class could not be found.  Have you remembered to include the jjwt-impl.jar in your runtime classpath?
	at io.jsonwebtoken.lang.Classes.forName(Classes.java:90)
	at io.jsonwebtoken.security.Keys.<clinit>(Keys.java:37)
	... 33 common frames omitted
